<?xml version="1.0" encoding="UTF-8"?>
<!-- Generated by org.testng.reporters.JUnitReportReporter -->
<testsuite hostname="DESKTOP-IDBM9JE" failures="0" tests="1" name="Genericmethods.test" time="5.984" errors="0" timestamp="2023-01-10T16:22:23 IST" skipped="0">
  <testcase classname="Genericmethods.test" name="ma" time="5.984"/>
  <system-out>
    <![CDATA[sanju]]>
  </system-out>
</testsuite> <!-- Genericmethods.test -->
