<?xml version="1.0" encoding="UTF-8"?>
<!-- Generated by org.testng.reporters.JUnitReportReporter -->
<testsuite hostname="DESKTOP-IDBM9JE" failures="0" tests="1" name="Genericmethods.test" time="5.621" errors="0" timestamp="2023-01-05T22:11:48 IST" skipped="0">
  <testcase classname="Genericmethods.test" name="ma" time="5.621"/>
  <system-out/>
</testsuite> <!-- Genericmethods.test -->
